-- The C compiler identification is GNU 11.4.0
-- The CXX compiler identification is GNU 11.4.0
-- Detecting C compiler ABI info
-- Detecting C compiler ABI info - done
-- Check for working C compiler: /usr/bin/cc - skipped
-- Detecting C compile features
-- Detecting C compile features - done
-- Detecting CXX compiler ABI info
-- Detecting CXX compiler ABI info - done
-- Check for working CXX compiler: /usr/bin/c++ - skipped
-- Detecting CXX compile features
-- Detecting CXX compile features - done
-- Found ament_cmake: 1.3.11 (/opt/ros/humble/share/ament_cmake/cmake)
-- Found Python3: /usr/bin/python3 (found version "3.10.12") found components: Interpreter 
-- Configuring done
-- Generating done
-- Build files have been written to: /home/yeokim/Moppy/build/andino_hardware
-- Install configuration: ""
-- Installing: /home/yeokim/Moppy/install/andino_hardware/share/andino_hardware//printing_model
-- Installing: /home/yeokim/Moppy/install/andino_hardware/share/andino_hardware//printing_model/raspi_cam_mount
-- Installing: /home/yeokim/Moppy/install/andino_hardware/share/andino_hardware//printing_model/raspi_cam_mount/raspi_camera_mount_front.stl
-- Installing: /home/yeokim/Moppy/install/andino_hardware/share/andino_hardware//printing_model/raspi_cam_mount/raspi_camera_mount_hinge.stl
-- Installing: /home/yeokim/Moppy/install/andino_hardware/share/andino_hardware//printing_model/raspi_cam_mount/raspi_camera_mount_back.stl
-- Installing: /home/yeokim/Moppy/install/andino_hardware/share/andino_hardware//printing_model/chassis
-- Installing: /home/yeokim/Moppy/install/andino_hardware/share/andino_hardware//printing_model/chassis/RobotChassis.PDF
-- Installing: /home/yeokim/Moppy/install/andino_hardware/share/andino_hardware//printing_model/chassis/RobotChassis.STL
-- Installing: /home/yeokim/Moppy/install/andino_hardware/share/ament_index/resource_index/package_run_dependencies/andino_hardware
-- Installing: /home/yeokim/Moppy/install/andino_hardware/share/ament_index/resource_index/parent_prefix_path/andino_hardware
-- Installing: /home/yeokim/Moppy/install/andino_hardware/share/andino_hardware/environment/ament_prefix_path.sh
-- Installing: /home/yeokim/Moppy/install/andino_hardware/share/andino_hardware/environment/ament_prefix_path.dsv
-- Installing: /home/yeokim/Moppy/install/andino_hardware/share/andino_hardware/environment/path.sh
-- Installing: /home/yeokim/Moppy/install/andino_hardware/share/andino_hardware/environment/path.dsv
-- Installing: /home/yeokim/Moppy/install/andino_hardware/share/andino_hardware/local_setup.bash
-- Installing: /home/yeokim/Moppy/install/andino_hardware/share/andino_hardware/local_setup.sh
-- Installing: /home/yeokim/Moppy/install/andino_hardware/share/andino_hardware/local_setup.zsh
-- Installing: /home/yeokim/Moppy/install/andino_hardware/share/andino_hardware/local_setup.dsv
-- Installing: /home/yeokim/Moppy/install/andino_hardware/share/andino_hardware/package.dsv
-- Installing: /home/yeokim/Moppy/install/andino_hardware/share/ament_index/resource_index/packages/andino_hardware
-- Installing: /home/yeokim/Moppy/install/andino_hardware/share/andino_hardware/cmake/andino_hardwareConfig.cmake
-- Installing: /home/yeokim/Moppy/install/andino_hardware/share/andino_hardware/cmake/andino_hardwareConfig-version.cmake
-- Installing: /home/yeokim/Moppy/install/andino_hardware/share/andino_hardware/package.xml
