[0.202s] Invoking command in '/home/yeokim/Moppy/build/andino_hardware': CMAKE_PREFIX_PATH=/opt/ros/humble /usr/bin/cmake /home/yeokim/Moppy/src/simulation/ros2_ws/src/andino_webots/submodules/andino/andino_hardware -DCMAKE_INSTALL_PREFIX=/home/yeokim/Moppy/install/andino_hardware
[0.299s] -- The C compiler identification is GNU 11.4.0
[0.628s] -- The CXX compiler identification is GNU 11.4.0
[0.839s] -- Detecting C compiler ABI info
[0.947s] -- Detecting C compiler ABI info - done
[0.955s] -- Check for working C compiler: /usr/bin/cc - skipped
[0.955s] -- Detecting C compile features
[0.956s] -- Detecting C compile features - done
[0.959s] -- Detecting CXX compiler ABI info
[1.113s] -- Detecting CXX compiler ABI info - done
[1.119s] -- Check for working CXX compiler: /usr/bin/c++ - skipped
[1.120s] -- Detecting CXX compile features
[1.120s] -- Detecting CXX compile features - done
[1.123s] -- Found ament_cmake: 1.3.11 (/opt/ros/humble/share/ament_cmake/cmake)
[1.237s] -- Found Python3: /usr/bin/python3 (found version "3.10.12") found components: Interpreter 
[1.345s] -- Configuring done
[1.348s] -- Generating done
[1.349s] -- Build files have been written to: /home/yeokim/Moppy/build/andino_hardware
[1.353s] Invoked command in '/home/yeokim/Moppy/build/andino_hardware' returned '0': CMAKE_PREFIX_PATH=/opt/ros/humble /usr/bin/cmake /home/yeokim/Moppy/src/simulation/ros2_ws/src/andino_webots/submodules/andino/andino_hardware -DCMAKE_INSTALL_PREFIX=/home/yeokim/Moppy/install/andino_hardware
[1.355s] Invoking command in '/home/yeokim/Moppy/build/andino_hardware': CMAKE_PREFIX_PATH=/opt/ros/humble /usr/bin/cmake --build /home/yeokim/Moppy/build/andino_hardware -- -j16 -l16
[1.380s] Invoked command in '/home/yeokim/Moppy/build/andino_hardware' returned '0': CMAKE_PREFIX_PATH=/opt/ros/humble /usr/bin/cmake --build /home/yeokim/Moppy/build/andino_hardware -- -j16 -l16
[1.381s] Invoking command in '/home/yeokim/Moppy/build/andino_hardware': CMAKE_PREFIX_PATH=/opt/ros/humble /usr/bin/cmake --install /home/yeokim/Moppy/build/andino_hardware
[1.385s] -- Install configuration: ""
[1.385s] -- Installing: /home/yeokim/Moppy/install/andino_hardware/share/andino_hardware//printing_model
[1.386s] -- Installing: /home/yeokim/Moppy/install/andino_hardware/share/andino_hardware//printing_model/raspi_cam_mount
[1.386s] -- Installing: /home/yeokim/Moppy/install/andino_hardware/share/andino_hardware//printing_model/raspi_cam_mount/raspi_camera_mount_front.stl
[1.386s] -- Installing: /home/yeokim/Moppy/install/andino_hardware/share/andino_hardware//printing_model/raspi_cam_mount/raspi_camera_mount_hinge.stl
[1.386s] -- Installing: /home/yeokim/Moppy/install/andino_hardware/share/andino_hardware//printing_model/raspi_cam_mount/raspi_camera_mount_back.stl
[1.387s] -- Installing: /home/yeokim/Moppy/install/andino_hardware/share/andino_hardware//printing_model/chassis
[1.387s] -- Installing: /home/yeokim/Moppy/install/andino_hardware/share/andino_hardware//printing_model/chassis/RobotChassis.PDF
[1.387s] -- Installing: /home/yeokim/Moppy/install/andino_hardware/share/andino_hardware//printing_model/chassis/RobotChassis.STL
[1.389s] -- Installing: /home/yeokim/Moppy/install/andino_hardware/share/ament_index/resource_index/package_run_dependencies/andino_hardware
[1.389s] -- Installing: /home/yeokim/Moppy/install/andino_hardware/share/ament_index/resource_index/parent_prefix_path/andino_hardware
[1.389s] -- Installing: /home/yeokim/Moppy/install/andino_hardware/share/andino_hardware/environment/ament_prefix_path.sh
[1.390s] -- Installing: /home/yeokim/Moppy/install/andino_hardware/share/andino_hardware/environment/ament_prefix_path.dsv
[1.390s] -- Installing: /home/yeokim/Moppy/install/andino_hardware/share/andino_hardware/environment/path.sh
[1.390s] -- Installing: /home/yeokim/Moppy/install/andino_hardware/share/andino_hardware/environment/path.dsv
[1.391s] -- Installing: /home/yeokim/Moppy/install/andino_hardware/share/andino_hardware/local_setup.bash
[1.391s] -- Installing: /home/yeokim/Moppy/install/andino_hardware/share/andino_hardware/local_setup.sh
[1.391s] -- Installing: /home/yeokim/Moppy/install/andino_hardware/share/andino_hardware/local_setup.zsh
[1.391s] -- Installing: /home/yeokim/Moppy/install/andino_hardware/share/andino_hardware/local_setup.dsv
[1.392s] -- Installing: /home/yeokim/Moppy/install/andino_hardware/share/andino_hardware/package.dsv
[1.392s] -- Installing: /home/yeokim/Moppy/install/andino_hardware/share/ament_index/resource_index/packages/andino_hardware
[1.392s] -- Installing: /home/yeokim/Moppy/install/andino_hardware/share/andino_hardware/cmake/andino_hardwareConfig.cmake
[1.392s] -- Installing: /home/yeokim/Moppy/install/andino_hardware/share/andino_hardware/cmake/andino_hardwareConfig-version.cmake
[1.392s] -- Installing: /home/yeokim/Moppy/install/andino_hardware/share/andino_hardware/package.xml
[1.396s] Invoked command in '/home/yeokim/Moppy/build/andino_hardware' returned '0': CMAKE_PREFIX_PATH=/opt/ros/humble /usr/bin/cmake --install /home/yeokim/Moppy/build/andino_hardware
