[0.200s] Invoking command in '/home/yeokim/Moppy/build/andino_firmware': CMAKE_PREFIX_PATH=/opt/ros/humble /usr/bin/cmake /home/yeokim/Moppy/src/simulation/ros2_ws/src/andino_webots/submodules/andino/andino_firmware -DCMAKE_INSTALL_PREFIX=/home/yeokim/Moppy/install/andino_firmware
[0.300s] -- The C compiler identification is GNU 11.4.0
[0.632s] -- The CXX compiler identification is GNU 11.4.0
[0.846s] -- Detecting C compiler ABI info
[0.950s] -- Detecting C compiler ABI info - done
[0.955s] -- Check for working C compiler: /usr/bin/cc - skipped
[0.955s] -- Detecting C compile features
[0.955s] -- Detecting C compile features - done
[0.958s] -- Detecting CXX compiler ABI info
[1.105s] -- Detecting CXX compiler ABI info - done
[1.110s] -- Check for working CXX compiler: /usr/bin/c++ - skipped
[1.111s] -- Detecting CXX compile features
[1.111s] -- Detecting CXX compile features - done
[1.113s] -- Found ament_cmake: 1.3.11 (/opt/ros/humble/share/ament_cmake/cmake)
[1.233s] -- Found Python3: /usr/bin/python3 (found version "3.10.12") found components: Interpreter 
[1.353s] -- Configuring done
[1.357s] -- Generating done
[1.358s] -- Build files have been written to: /home/yeokim/Moppy/build/andino_firmware
[1.361s] Invoked command in '/home/yeokim/Moppy/build/andino_firmware' returned '0': CMAKE_PREFIX_PATH=/opt/ros/humble /usr/bin/cmake /home/yeokim/Moppy/src/simulation/ros2_ws/src/andino_webots/submodules/andino/andino_firmware -DCMAKE_INSTALL_PREFIX=/home/yeokim/Moppy/install/andino_firmware
[1.362s] Invoking command in '/home/yeokim/Moppy/build/andino_firmware': CMAKE_PREFIX_PATH=/opt/ros/humble /usr/bin/cmake --build /home/yeokim/Moppy/build/andino_firmware -- -j16 -l16
[1.386s] Invoked command in '/home/yeokim/Moppy/build/andino_firmware' returned '0': CMAKE_PREFIX_PATH=/opt/ros/humble /usr/bin/cmake --build /home/yeokim/Moppy/build/andino_firmware -- -j16 -l16
[1.387s] Invoking command in '/home/yeokim/Moppy/build/andino_firmware': CMAKE_PREFIX_PATH=/opt/ros/humble /usr/bin/cmake --install /home/yeokim/Moppy/build/andino_firmware
[1.392s] -- Install configuration: ""
[1.393s] -- Installing: /home/yeokim/Moppy/install/andino_firmware/share/andino_firmware/andino_firmware.ino
[1.393s] -- Installing: /home/yeokim/Moppy/install/andino_firmware/share/andino_firmware/platformio.ini
[1.393s] -- Installing: /home/yeokim/Moppy/install/andino_firmware/share/andino_firmware//src
[1.394s] -- Installing: /home/yeokim/Moppy/install/andino_firmware/share/andino_firmware//src/motor.cpp
[1.394s] -- Installing: /home/yeokim/Moppy/install/andino_firmware/share/andino_firmware//src/pid.cpp
[1.394s] -- Installing: /home/yeokim/Moppy/install/andino_firmware/share/andino_firmware//src/main.cpp
[1.395s] -- Installing: /home/yeokim/Moppy/install/andino_firmware/share/andino_firmware//src/hw.h
[1.395s] -- Installing: /home/yeokim/Moppy/install/andino_firmware/share/andino_firmware//src/pcint.cpp
[1.395s] -- Installing: /home/yeokim/Moppy/install/andino_firmware/share/andino_firmware//src/encoder_driver.cpp
[1.395s] -- Installing: /home/yeokim/Moppy/install/andino_firmware/share/andino_firmware//src/encoder_driver.h
[1.395s] -- Installing: /home/yeokim/Moppy/install/andino_firmware/share/andino_firmware//src/pcint.h
[1.395s] -- Installing: /home/yeokim/Moppy/install/andino_firmware/share/andino_firmware//src/pid.h
[1.395s] -- Installing: /home/yeokim/Moppy/install/andino_firmware/share/andino_firmware//src/motor.h
[1.395s] -- Installing: /home/yeokim/Moppy/install/andino_firmware/share/andino_firmware//src/commands.h
[1.396s] -- Installing: /home/yeokim/Moppy/install/andino_firmware/share/ament_index/resource_index/package_run_dependencies/andino_firmware
[1.396s] -- Installing: /home/yeokim/Moppy/install/andino_firmware/share/ament_index/resource_index/parent_prefix_path/andino_firmware
[1.396s] -- Installing: /home/yeokim/Moppy/install/andino_firmware/share/andino_firmware/environment/ament_prefix_path.sh
[1.398s] -- Installing: /home/yeokim/Moppy/install/andino_firmware/share/andino_firmware/environment/ament_prefix_path.dsv
[1.398s] -- Installing: /home/yeokim/Moppy/install/andino_firmware/share/andino_firmware/environment/path.sh
[1.398s] -- Installing: /home/yeokim/Moppy/install/andino_firmware/share/andino_firmware/environment/path.dsv
[1.398s] -- Installing: /home/yeokim/Moppy/install/andino_firmware/share/andino_firmware/local_setup.bash
[1.399s] -- Installing: /home/yeokim/Moppy/install/andino_firmware/share/andino_firmware/local_setup.sh
[1.399s] -- Installing: /home/yeokim/Moppy/install/andino_firmware/share/andino_firmware/local_setup.zsh
[1.399s] -- Installing: /home/yeokim/Moppy/install/andino_firmware/share/andino_firmware/local_setup.dsv
[1.399s] -- Installing: /home/yeokim/Moppy/install/andino_firmware/share/andino_firmware/package.dsv
[1.399s] -- Installing: /home/yeokim/Moppy/install/andino_firmware/share/ament_index/resource_index/packages/andino_firmware
[1.400s] -- Installing: /home/yeokim/Moppy/install/andino_firmware/share/andino_firmware/cmake/andino_firmwareConfig.cmake
[1.400s] -- Installing: /home/yeokim/Moppy/install/andino_firmware/share/andino_firmware/cmake/andino_firmwareConfig-version.cmake
[1.400s] -- Installing: /home/yeokim/Moppy/install/andino_firmware/share/andino_firmware/package.xml
[1.411s] Invoked command in '/home/yeokim/Moppy/build/andino_firmware' returned '0': CMAKE_PREFIX_PATH=/opt/ros/humble /usr/bin/cmake --install /home/yeokim/Moppy/build/andino_firmware
