[0.205s] Invoking command in '/home/yeokim/Moppy/build/andino_slam': CMAKE_PREFIX_PATH=/opt/ros/humble /usr/bin/cmake /home/yeokim/Moppy/src/simulation/ros2_ws/src/andino_webots/submodules/andino/andino_slam -DCMAKE_INSTALL_PREFIX=/home/yeokim/Moppy/install/andino_slam
[0.321s] -- The C compiler identification is GNU 11.4.0
[0.707s] -- The CXX compiler identification is GNU 11.4.0
[0.936s] -- Detecting C compiler ABI info
[1.058s] -- Detecting C compiler ABI info - done
[1.063s] -- Check for working C compiler: /usr/bin/cc - skipped
[1.063s] -- Detecting C compile features
[1.064s] -- Detecting C compile features - done
[1.066s] -- Detecting CXX compiler ABI info
[1.202s] -- Detecting CXX compiler ABI info - done
[1.212s] -- Check for working CXX compiler: /usr/bin/c++ - skipped
[1.212s] -- Detecting CXX compile features
[1.213s] -- Detecting CXX compile features - done
[1.215s] -- Found ament_cmake: 1.3.11 (/opt/ros/humble/share/ament_cmake/cmake)
[1.321s] -- Found Python3: /usr/bin/python3 (found version "3.10.12") found components: Interpreter 
[1.434s] -- Configuring done
[1.437s] -- Generating done
[1.439s] -- Build files have been written to: /home/yeokim/Moppy/build/andino_slam
[1.444s] Invoked command in '/home/yeokim/Moppy/build/andino_slam' returned '0': CMAKE_PREFIX_PATH=/opt/ros/humble /usr/bin/cmake /home/yeokim/Moppy/src/simulation/ros2_ws/src/andino_webots/submodules/andino/andino_slam -DCMAKE_INSTALL_PREFIX=/home/yeokim/Moppy/install/andino_slam
[1.445s] Invoking command in '/home/yeokim/Moppy/build/andino_slam': CMAKE_PREFIX_PATH=/opt/ros/humble /usr/bin/cmake --build /home/yeokim/Moppy/build/andino_slam -- -j16 -l16
[1.469s] Invoked command in '/home/yeokim/Moppy/build/andino_slam' returned '0': CMAKE_PREFIX_PATH=/opt/ros/humble /usr/bin/cmake --build /home/yeokim/Moppy/build/andino_slam -- -j16 -l16
[1.470s] Invoking command in '/home/yeokim/Moppy/build/andino_slam': CMAKE_PREFIX_PATH=/opt/ros/humble /usr/bin/cmake --install /home/yeokim/Moppy/build/andino_slam
[1.475s] -- Install configuration: ""
[1.475s] -- Installing: /home/yeokim/Moppy/install/andino_slam/share/andino_slam//config
[1.475s] -- Installing: /home/yeokim/Moppy/install/andino_slam/share/andino_slam//config/slam_toolbox_online_async.yaml
[1.476s] -- Installing: /home/yeokim/Moppy/install/andino_slam/share/andino_slam//launch
[1.476s] -- Installing: /home/yeokim/Moppy/install/andino_slam/share/andino_slam//launch/rviz.launch.py
[1.476s] -- Installing: /home/yeokim/Moppy/install/andino_slam/share/andino_slam//launch/slam_toolbox_online_async.launch.py
[1.476s] -- Installing: /home/yeokim/Moppy/install/andino_slam/share/andino_slam//rviz
[1.476s] -- Installing: /home/yeokim/Moppy/install/andino_slam/share/andino_slam//rviz/andino_slam.rviz
[1.477s] -- Installing: /home/yeokim/Moppy/install/andino_slam/share/ament_index/resource_index/package_run_dependencies/andino_slam
[1.477s] -- Installing: /home/yeokim/Moppy/install/andino_slam/share/ament_index/resource_index/parent_prefix_path/andino_slam
[1.477s] -- Installing: /home/yeokim/Moppy/install/andino_slam/share/andino_slam/environment/ament_prefix_path.sh
[1.478s] -- Installing: /home/yeokim/Moppy/install/andino_slam/share/andino_slam/environment/ament_prefix_path.dsv
[1.478s] -- Installing: /home/yeokim/Moppy/install/andino_slam/share/andino_slam/environment/path.sh
[1.478s] -- Installing: /home/yeokim/Moppy/install/andino_slam/share/andino_slam/environment/path.dsv
[1.478s] -- Installing: /home/yeokim/Moppy/install/andino_slam/share/andino_slam/local_setup.bash
[1.478s] -- Installing: /home/yeokim/Moppy/install/andino_slam/share/andino_slam/local_setup.sh
[1.478s] -- Installing: /home/yeokim/Moppy/install/andino_slam/share/andino_slam/local_setup.zsh
[1.478s] -- Installing: /home/yeokim/Moppy/install/andino_slam/share/andino_slam/local_setup.dsv
[1.479s] -- Installing: /home/yeokim/Moppy/install/andino_slam/share/andino_slam/package.dsv
[1.479s] -- Installing: /home/yeokim/Moppy/install/andino_slam/share/ament_index/resource_index/packages/andino_slam
[1.479s] -- Installing: /home/yeokim/Moppy/install/andino_slam/share/andino_slam/cmake/andino_slamConfig.cmake
[1.479s] -- Installing: /home/yeokim/Moppy/install/andino_slam/share/andino_slam/cmake/andino_slamConfig-version.cmake
[1.479s] -- Installing: /home/yeokim/Moppy/install/andino_slam/share/andino_slam/package.xml
[1.481s] Invoked command in '/home/yeokim/Moppy/build/andino_slam' returned '0': CMAKE_PREFIX_PATH=/opt/ros/humble /usr/bin/cmake --install /home/yeokim/Moppy/build/andino_slam
