[0.021s] Invoking command in '/home/yeokim/Moppy/build/andino_description': CMAKE_PREFIX_PATH=/opt/ros/humble /usr/bin/cmake /home/yeokim/Moppy/src/simulation/ros2_ws/src/andino_webots/submodules/andino/andino_description -DCMAKE_INSTALL_PREFIX=/home/yeokim/Moppy/install/andino_description
[0.213s] -- The C compiler identification is GNU 11.4.0
[0.411s] -- The CXX compiler identification is GNU 11.4.0
[0.627s] -- Detecting C compiler ABI info
[0.754s] -- Detecting C compiler ABI info - done
[0.760s] -- Check for working C compiler: /usr/bin/cc - skipped
[0.760s] -- Detecting C compile features
[0.761s] -- Detecting C compile features - done
[0.763s] -- Detecting CXX compiler ABI info
[0.880s] -- Detecting CXX compiler ABI info - done
[0.885s] -- Check for working CXX compiler: /usr/bin/c++ - skipped
[0.885s] -- Detecting CXX compile features
[0.886s] -- Detecting CXX compile features - done
[0.888s] -- Found ament_cmake: 1.3.11 (/opt/ros/humble/share/ament_cmake/cmake)
[0.999s] -- Found Python3: /usr/bin/python3 (found version "3.10.12") found components: Interpreter 
[1.106s] -- Configuring done
[1.110s] -- Generating done
[1.111s] -- Build files have been written to: /home/yeokim/Moppy/build/andino_description
[1.114s] Invoked command in '/home/yeokim/Moppy/build/andino_description' returned '0': CMAKE_PREFIX_PATH=/opt/ros/humble /usr/bin/cmake /home/yeokim/Moppy/src/simulation/ros2_ws/src/andino_webots/submodules/andino/andino_description -DCMAKE_INSTALL_PREFIX=/home/yeokim/Moppy/install/andino_description
[1.116s] Invoking command in '/home/yeokim/Moppy/build/andino_description': CMAKE_PREFIX_PATH=/opt/ros/humble /usr/bin/cmake --build /home/yeokim/Moppy/build/andino_description -- -j16 -l16
[1.144s] Invoked command in '/home/yeokim/Moppy/build/andino_description' returned '0': CMAKE_PREFIX_PATH=/opt/ros/humble /usr/bin/cmake --build /home/yeokim/Moppy/build/andino_description -- -j16 -l16
[1.151s] Invoking command in '/home/yeokim/Moppy/build/andino_description': CMAKE_PREFIX_PATH=/opt/ros/humble /usr/bin/cmake --install /home/yeokim/Moppy/build/andino_description
[1.156s] -- Install configuration: ""
[1.156s] -- Installing: /home/yeokim/Moppy/install/andino_description/share/andino_description//config
[1.157s] -- Installing: /home/yeokim/Moppy/install/andino_description/share/andino_description//config/andino
[1.157s] -- Installing: /home/yeokim/Moppy/install/andino_description/share/andino_description//config/andino/wheel.yaml
[1.157s] -- Installing: /home/yeokim/Moppy/install/andino_description/share/andino_description//config/andino/base.yaml
[1.158s] -- Installing: /home/yeokim/Moppy/install/andino_description/share/andino_description//config/andino/second_base.yaml
[1.158s] -- Installing: /home/yeokim/Moppy/install/andino_description/share/andino_description//config/andino/sensors.yaml
[1.158s] -- Installing: /home/yeokim/Moppy/install/andino_description/share/andino_description//config/andino/motor.yaml
[1.158s] -- Installing: /home/yeokim/Moppy/install/andino_description/share/andino_description//config/andino/caster_wheel.yaml
[1.158s] -- Installing: /home/yeokim/Moppy/install/andino_description/share/andino_description//launch
[1.159s] -- Installing: /home/yeokim/Moppy/install/andino_description/share/andino_description//launch/view_andino.launch.py
[1.159s] -- Installing: /home/yeokim/Moppy/install/andino_description/share/andino_description//launch/andino_description.launch.py
[1.159s] -- Installing: /home/yeokim/Moppy/install/andino_description/share/andino_description//meshes
[1.159s] -- Installing: /home/yeokim/Moppy/install/andino_description/share/andino_description//meshes/andino
[1.159s] -- Installing: /home/yeokim/Moppy/install/andino_description/share/andino_description//meshes/andino/caster_wheel_support.stl
[1.160s] -- Installing: /home/yeokim/Moppy/install/andino_description/share/andino_description//meshes/andino/chassis_top.stl
[1.161s] -- Installing: /home/yeokim/Moppy/install/andino_description/share/andino_description//meshes/andino/chassis.stl
[1.162s] -- Installing: /home/yeokim/Moppy/install/andino_description/share/andino_description//meshes/andino/wheel_rim.stl
[1.163s] -- Installing: /home/yeokim/Moppy/install/andino_description/share/andino_description//meshes/andino/wheel_tire.stl
[1.166s] -- Installing: /home/yeokim/Moppy/install/andino_description/share/andino_description//meshes/andino/motor.stl
[1.166s] -- Installing: /home/yeokim/Moppy/install/andino_description/share/andino_description//meshes/andino/caster_wheel.stl
[1.166s] -- Installing: /home/yeokim/Moppy/install/andino_description/share/andino_description//meshes/andino/caster_base.stl
[1.168s] -- Installing: /home/yeokim/Moppy/install/andino_description/share/andino_description//meshes/sensors
[1.168s] -- Installing: /home/yeokim/Moppy/install/andino_description/share/andino_description//meshes/sensors/camera_mount.stl
[1.168s] -- Installing: /home/yeokim/Moppy/install/andino_description/share/andino_description//meshes/sensors/rplidar-a1.stl
[1.168s] -- Installing: /home/yeokim/Moppy/install/andino_description/share/andino_description//meshes/sensors/rplidar-a2.stl
[1.172s] -- Installing: /home/yeokim/Moppy/install/andino_description/share/andino_description//meshes/components
[1.172s] -- Installing: /home/yeokim/Moppy/install/andino_description/share/andino_description//meshes/components/wheel.stl
[1.173s] -- Installing: /home/yeokim/Moppy/install/andino_description/share/andino_description//urdf
[1.174s] -- Installing: /home/yeokim/Moppy/install/andino_description/share/andino_description//urdf/include
[1.174s] -- Installing: /home/yeokim/Moppy/install/andino_description/share/andino_description//urdf/include/common_macros.urdf.xacro
[1.174s] -- Installing: /home/yeokim/Moppy/install/andino_description/share/andino_description//urdf/include/andino_caster_macro.urdf.xacro
[1.174s] -- Installing: /home/yeokim/Moppy/install/andino_description/share/andino_description//urdf/include/common_sensors.urdf.xacro
[1.174s] -- Installing: /home/yeokim/Moppy/install/andino_description/share/andino_description//urdf/include/andino_control.urdf.xacro
[1.175s] -- Installing: /home/yeokim/Moppy/install/andino_description/share/andino_description//urdf/andino.urdf.xacro
[1.175s] -- Installing: /home/yeokim/Moppy/install/andino_description/share/andino_description//rviz
[1.175s] -- Installing: /home/yeokim/Moppy/install/andino_description/share/andino_description//rviz/andino_description.rviz
[1.176s] -- Installing: /home/yeokim/Moppy/install/andino_description/share/ament_index/resource_index/package_run_dependencies/andino_description
[1.176s] -- Installing: /home/yeokim/Moppy/install/andino_description/share/ament_index/resource_index/parent_prefix_path/andino_description
[1.176s] -- Installing: /home/yeokim/Moppy/install/andino_description/share/andino_description/environment/ament_prefix_path.sh
[1.176s] -- Installing: /home/yeokim/Moppy/install/andino_description/share/andino_description/environment/ament_prefix_path.dsv
[1.177s] -- Installing: /home/yeokim/Moppy/install/andino_description/share/andino_description/environment/path.sh
[1.177s] -- Installing: /home/yeokim/Moppy/install/andino_description/share/andino_description/environment/path.dsv
[1.177s] -- Installing: /home/yeokim/Moppy/install/andino_description/share/andino_description/local_setup.bash
[1.177s] -- Installing: /home/yeokim/Moppy/install/andino_description/share/andino_description/local_setup.sh
[1.177s] -- Installing: /home/yeokim/Moppy/install/andino_description/share/andino_description/local_setup.zsh
[1.177s] -- Installing: /home/yeokim/Moppy/install/andino_description/share/andino_description/local_setup.dsv
[1.178s] -- Installing: /home/yeokim/Moppy/install/andino_description/share/andino_description/package.dsv
[1.178s] -- Installing: /home/yeokim/Moppy/install/andino_description/share/ament_index/resource_index/packages/andino_description
[1.178s] -- Installing: /home/yeokim/Moppy/install/andino_description/share/andino_description/cmake/andino_descriptionConfig.cmake
[1.178s] -- Installing: /home/yeokim/Moppy/install/andino_description/share/andino_description/cmake/andino_descriptionConfig-version.cmake
[1.179s] -- Installing: /home/yeokim/Moppy/install/andino_description/share/andino_description/package.xml
[1.181s] Invoked command in '/home/yeokim/Moppy/build/andino_description' returned '0': CMAKE_PREFIX_PATH=/opt/ros/humble /usr/bin/cmake --install /home/yeokim/Moppy/build/andino_description
