[0.022s] Invoking command in '/home/yeokim/Moppy/build/andino_base': CMAKE_PREFIX_PATH=/opt/ros/humble /usr/bin/cmake /home/yeokim/Moppy/src/simulation/ros2_ws/src/andino_webots/submodules/andino/andino_base -DCMAKE_INSTALL_PREFIX=/home/yeokim/Moppy/install/andino_base
[0.217s] -- The C compiler identification is GNU 11.4.0
[0.412s] -- The CXX compiler identification is GNU 11.4.0
[0.632s] -- Detecting C compiler ABI info
[0.759s] -- Detecting C compiler ABI info - done
[0.767s] -- Check for working C compiler: /usr/bin/cc - skipped
[0.767s] -- Detecting C compile features
[0.767s] -- Detecting C compile features - done
[0.770s] -- Detecting CXX compiler ABI info
[0.887s] -- Detecting CXX compiler ABI info - done
[0.895s] -- Check for working CXX compiler: /usr/bin/c++ - skipped
[0.896s] -- Detecting CXX compile features
[0.896s] -- Detecting CXX compile features - done
[0.898s] -- Found ament_cmake: 1.3.11 (/opt/ros/humble/share/ament_cmake/cmake)
[1.009s] -- Found Python3: /usr/bin/python3 (found version "3.10.12") found components: Interpreter 
[1.070s] -- Found hardware_interface: 2.50.0 (/opt/ros/humble/share/hardware_interface/cmake)
[1.187s] -- Found rosidl_generator_c: 3.1.6 (/opt/ros/humble/share/rosidl_generator_c/cmake)
[1.190s] -- Found rosidl_adapter: 3.1.6 (/opt/ros/humble/share/rosidl_adapter/cmake)
[1.195s] -- Found rosidl_generator_cpp: 3.1.6 (/opt/ros/humble/share/rosidl_generator_cpp/cmake)
[1.204s] -- Using all available rosidl_typesupport_c: rosidl_typesupport_fastrtps_c;rosidl_typesupport_introspection_c
[1.219s] -- Using all available rosidl_typesupport_cpp: rosidl_typesupport_fastrtps_cpp;rosidl_typesupport_introspection_cpp
[2.306s] -- Found rmw_implementation_cmake: 6.1.2 (/opt/ros/humble/share/rmw_implementation_cmake/cmake)
[2.307s] -- Found rmw_fastrtps_cpp: 6.2.7 (/opt/ros/humble/share/rmw_fastrtps_cpp/cmake)
[2.324s] -- Found TinyXML2 via Config file: TinyXML2_DIR-NOTFOUND
[2.354s] -- Found OpenSSL: /usr/lib/x86_64-linux-gnu/libcrypto.so (found version "3.0.2")  
[2.356s] -- Found TinyXML2 via Config file: TinyXML2_DIR-NOTFOUND
[2.464s] -- Found FastRTPS: /opt/ros/humble/include  
[2.466s] -- Found TinyXML2 via Config file: TinyXML2_DIR-NOTFOUND
[2.472s] -- Found TinyXML2 via Config file: TinyXML2_DIR-NOTFOUND
[2.527s] -- Using RMW implementation 'rmw_fastrtps_cpp' as default
[2.532s] -- Looking for pthread.h
[2.655s] -- Looking for pthread.h - found
[2.655s] -- Performing Test CMAKE_HAVE_LIBC_PTHREAD
[2.777s] -- Performing Test CMAKE_HAVE_LIBC_PTHREAD - Success
[2.778s] -- Found Threads: TRUE  
[2.811s] -- Found PkgConfig: /usr/bin/pkg-config (found version "0.29.2") 
[2.812s] -- Checking for module 'libserial'
[2.813s] --   No package 'libserial' found
[3.610s] [31mCMake Error at CMakeLists.txt:30 (find_package):
[3.610s]   By not providing "Findament_cmake_clang_format.cmake" in CMAKE_MODULE_PATH
[3.610s]   this project has asked CMake to find a package configuration file provided
[3.610s]   by "ament_cmake_clang_format", but CMake did not find one.
[3.610s] 
[3.610s]   Could not find a package configuration file provided by
[3.610s]   "ament_cmake_clang_format" with any of the following names:
[3.610s] 
[3.611s]     ament_cmake_clang_formatConfig.cmake
[3.611s]     ament_cmake_clang_format-config.cmake
[3.611s] 
[3.611s]   Add the installation prefix of "ament_cmake_clang_format" to
[3.611s]   CMAKE_PREFIX_PATH or set "ament_cmake_clang_format_DIR" to a directory
[3.611s]   containing one of the above files.  If "ament_cmake_clang_format" provides
[3.611s]   a separate development package or SDK, be sure it has been installed.
[3.611s] 
[3.611s] [0m
[3.611s] -- Configuring incomplete, errors occurred!
[3.611s] See also "/home/yeokim/Moppy/build/andino_base/CMakeFiles/CMakeOutput.log".
[3.618s] Invoked command in '/home/yeokim/Moppy/build/andino_base' returned '1': CMAKE_PREFIX_PATH=/opt/ros/humble /usr/bin/cmake /home/yeokim/Moppy/src/simulation/ros2_ws/src/andino_webots/submodules/andino/andino_base -DCMAKE_INSTALL_PREFIX=/home/yeokim/Moppy/install/andino_base
